#
# There is insufficient memory for the Java Runtime Environment to continue.
# Native memory allocation (mmap) failed to map 29360128 bytes. Error detail: G1 virtual space
# Possible reasons:
#   The system is out of physical RAM or swap space
#   This process is running with CompressedOops enabled, and the Java Heap may be blocking the growth of the native heap
# Possible solutions:
#   Reduce memory load on the system
#   Increase physical memory or swap space
#   Check if swap backing store is full
#   Decrease Java heap size (-Xmx/-Xms)
#   Decrease number of Java threads
#   Decrease Java thread stack sizes (-Xss)
#   Set larger code cache with -XX:ReservedCodeCacheSize=
#   JVM is running with Zero Based Compressed Oops mode in which the Java heap is
#     placed in the first 32GB address space. The Java Heap base address is the
#     maximum limit for the native heap growth. Please use -XX:HeapBaseMinAddress
#     to set the Java Heap base and to place the Java Heap above 32GB virtual address.
# This output file may be truncated or incomplete.
#
#  Out of Memory Error (os_windows.cpp:3898), pid=15876, tid=8260
#
# JRE version: OpenJDK Runtime Environment (21.0.6) (build 21.0.6+-13368085-b895.109)
# Java VM: OpenJDK 64-Bit Server VM (21.0.6+-13368085-b895.109, mixed mode, tiered, compressed oops, compressed class ptrs, g1 gc, windows-amd64)
# No core dump will be written. Minidumps are not enabled by default on client versions of Windows
#

---------------  S U M M A R Y ------------

Command Line: --add-opens=java.base/java.lang=ALL-UNNAMED --add-opens=java.base/java.lang.invoke=ALL-UNNAMED --add-opens=java.base/java.util=ALL-UNNAMED --add-opens=java.prefs/java.util.prefs=ALL-UNNAMED --add-exports=jdk.compiler/com.sun.tools.javac.api=ALL-UNNAMED --add-exports=jdk.compiler/com.sun.tools.javac.util=ALL-UNNAMED --add-opens=java.base/java.util=ALL-UNNAMED --add-opens=java.prefs/java.util.prefs=ALL-UNNAMED --add-opens=java.base/java.nio.charset=ALL-UNNAMED --add-opens=java.base/java.net=ALL-UNNAMED --add-opens=java.base/java.util.concurrent.atomic=ALL-UNNAMED --add-opens=java.xml/javax.xml.namespace=ALL-UNNAMED -XX:MaxMetaspaceSize=4G -XX:ReservedCodeCacheSize=512m -XX:+HeapDumpOnOutOfMemoryError -Xmx8G -Dfile.encoding=UTF-8 -Duser.country=IN -Duser.language=en -Duser.variant -javaagent:C:\Users\Aryan\.gradle\wrapper\dists\gradle-8.12-all\ejduaidbjup3bmmkhw3rie4zb\gradle-8.12\lib\agents\gradle-instrumentation-agent-8.12.jar org.gradle.launcher.daemon.bootstrap.GradleDaemon 8.12

Host: 12th Gen Intel(R) Core(TM) i5-1235U, 12 cores, 7G,  Windows 11 , 64 bit Build 26100 (10.0.26100.4202)
Time: Sun Jun 15 15:56:44 2025 India Standard Time elapsed time: 37.011638 seconds (0d 0h 0m 37s)

---------------  T H R E A D  ---------------

Current thread (0x000002c27a013a60):  VMThread "VM Thread"          [id=8260, stack(0x000000c740200000,0x000000c740300000) (1024K)]

Stack: [0x000000c740200000,0x000000c740300000]
Native frames: (J=compiled Java code, j=interpreted, Vv=VM code, C=native code)
V  [jvm.dll+0x6d0639]
V  [jvm.dll+0x85eb03]
V  [jvm.dll+0x86105e]
V  [jvm.dll+0x861743]
V  [jvm.dll+0x27e6e6]
V  [jvm.dll+0x6ccfd5]
V  [jvm.dll+0x6c0a8a]
V  [jvm.dll+0x35537b]
V  [jvm.dll+0x35cfd6]
V  [jvm.dll+0x3aef86]
V  [jvm.dll+0x3af258]
V  [jvm.dll+0x327a2c]
V  [jvm.dll+0x327ab7]
V  [jvm.dll+0x36d93c]
V  [jvm.dll+0x36c0ee]
V  [jvm.dll+0x327181]
V  [jvm.dll+0x36b7f0]
V  [jvm.dll+0x8674c8]
V  [jvm.dll+0x868844]
V  [jvm.dll+0x868d80]
V  [jvm.dll+0x869013]
V  [jvm.dll+0x806ed8]
V  [jvm.dll+0x6cef0d]
C  [ucrtbase.dll+0x37b0]
C  [KERNEL32.DLL+0x2e8d7]
C  [ntdll.dll+0x3c34c]

VM_Operation (0x000000c741bf3550): G1CollectForAllocation, mode: safepoint, requested by thread 0x000002c27bc8aea0


---------------  P R O C E S S  ---------------

Threads class SMR info:
_java_thread_list=0x000002c229b64710, length=33, elements={
0x000002c2656f5e60, 0x000002c27a0ae0d0, 0x000002c27a0b0c30, 0x000002c27a09cc30,
0x000002c27a0b6a60, 0x000002c27a0b70f0, 0x000002c27a0b56b0, 0x000002c27a0dba40,
0x000002c27a0910c0, 0x000002c27a0b7780, 0x000002c27a0b5d40, 0x000002c27a0b7e10,
0x000002c27a0b84a0, 0x000002c27a0b63d0, 0x000002c27a0b5020, 0x000002c27bc880b0,
0x000002c27bc88dd0, 0x000002c27bc8aea0, 0x000002c27bc8a810, 0x000002c27bc8b530,
0x000002c27bc8bbc0, 0x000002c27bc89460, 0x000002c27bc89af0, 0x000002c27bc8a180,
0x000002c27bc88740, 0x000002c27bc8cf70, 0x000002c27bc8c250, 0x000002c27bc8e9b0,
0x000002c27c7f9da0, 0x000002c27c7fa430, 0x000002c27c7fb7e0, 0x000002c27bc8e320,
0x000002c2295a7d60
}

Java Threads: ( => current thread )
  0x000002c2656f5e60 JavaThread "main"                              [_thread_blocked, id=19820, stack(0x000000c73fb00000,0x000000c73fc00000) (1024K)]
  0x000002c27a0ae0d0 JavaThread "Reference Handler"          daemon [_thread_blocked, id=17308, stack(0x000000c740300000,0x000000c740400000) (1024K)]
  0x000002c27a0b0c30 JavaThread "Finalizer"                  daemon [_thread_blocked, id=16388, stack(0x000000c740400000,0x000000c740500000) (1024K)]
  0x000002c27a09cc30 JavaThread "Signal Dispatcher"          daemon [_thread_blocked, id=17776, stack(0x000000c740500000,0x000000c740600000) (1024K)]
  0x000002c27a0b6a60 JavaThread "Attach Listener"            daemon [_thread_blocked, id=19876, stack(0x000000c740600000,0x000000c740700000) (1024K)]
  0x000002c27a0b70f0 JavaThread "Service Thread"             daemon [_thread_blocked, id=9304, stack(0x000000c740700000,0x000000c740800000) (1024K)]
  0x000002c27a0b56b0 JavaThread "Monitor Deflation Thread"   daemon [_thread_blocked, id=14240, stack(0x000000c740800000,0x000000c740900000) (1024K)]
  0x000002c27a0dba40 JavaThread "C2 CompilerThread0"         daemon [_thread_blocked, id=13112, stack(0x000000c740900000,0x000000c740a00000) (1024K)]
  0x000002c27a0910c0 JavaThread "C1 CompilerThread0"         daemon [_thread_blocked, id=12764, stack(0x000000c740a00000,0x000000c740b00000) (1024K)]
  0x000002c27a0b7780 JavaThread "Common-Cleaner"             daemon [_thread_blocked, id=1732, stack(0x000000c740b00000,0x000000c740c00000) (1024K)]
  0x000002c27a0b5d40 JavaThread "Notification Thread"        daemon [_thread_blocked, id=4040, stack(0x000000c740c00000,0x000000c740d00000) (1024K)]
  0x000002c27a0b7e10 JavaThread "Daemon health stats"               [_thread_blocked, id=10292, stack(0x000000c741500000,0x000000c741600000) (1024K)]
  0x000002c27a0b84a0 JavaThread "Incoming local TCP Connector on port 50086"        [_thread_in_native, id=15676, stack(0x000000c741600000,0x000000c741700000) (1024K)]
  0x000002c27a0b63d0 JavaThread "Daemon periodic checks"            [_thread_blocked, id=20292, stack(0x000000c741700000,0x000000c741800000) (1024K)]
  0x000002c27a0b5020 JavaThread "Daemon"                            [_thread_blocked, id=19244, stack(0x000000c741800000,0x000000c741900000) (1024K)]
  0x000002c27bc880b0 JavaThread "Handler for socket connection from /127.0.0.1:50086 to /127.0.0.1:50087"        [_thread_in_native, id=17808, stack(0x000000c741900000,0x000000c741a00000) (1024K)]
  0x000002c27bc88dd0 JavaThread "Cancel handler"                    [_thread_blocked, id=13548, stack(0x000000c741a00000,0x000000c741b00000) (1024K)]
  0x000002c27bc8aea0 JavaThread "Daemon worker"                     [_thread_blocked, id=17744, stack(0x000000c741b00000,0x000000c741c00000) (1024K)]
  0x000002c27bc8a810 JavaThread "Asynchronous log dispatcher for DefaultDaemonConnection: socket connection from /127.0.0.1:50086 to /127.0.0.1:50087"        [_thread_blocked, id=13568, stack(0x000000c741c00000,0x000000c741d00000) (1024K)]
  0x000002c27bc8b530 JavaThread "Stdin handler"                     [_thread_blocked, id=17364, stack(0x000000c741d00000,0x000000c741e00000) (1024K)]
  0x000002c27bc8bbc0 JavaThread "Daemon client event forwarder"        [_thread_blocked, id=14060, stack(0x000000c741e00000,0x000000c741f00000) (1024K)]
  0x000002c27bc89460 JavaThread "Cache worker for journal cache (C:\Users\Aryan\.gradle\caches\journal-1)"        [_thread_blocked, id=2780, stack(0x000000c742200000,0x000000c742300000) (1024K)]
  0x000002c27bc89af0 JavaThread "File lock request listener"        [_thread_in_native, id=3132, stack(0x000000c742300000,0x000000c742400000) (1024K)]
  0x000002c27bc8a180 JavaThread "Cache worker for file hash cache (C:\Users\Aryan\.gradle\caches\8.12\fileHashes)"        [_thread_blocked, id=18468, stack(0x000000c742400000,0x000000c742500000) (1024K)]
  0x000002c27bc88740 JavaThread "Cache worker for file hash cache (D:\Practical\flutter-apps\employee_task_manager\android\.gradle\8.12\fileHashes)"        [_thread_blocked, id=7968, stack(0x000000c742600000,0x000000c742700000) (1024K)]
  0x000002c27bc8cf70 JavaThread "Cache worker for Build Output Cleanup Cache (D:\Practical\flutter-apps\employee_task_manager\android\.gradle\buildOutputCleanup)"        [_thread_blocked, id=20352, stack(0x000000c742700000,0x000000c742800000) (1024K)]
  0x000002c27bc8c250 JavaThread "File watcher server"        daemon [_thread_in_native, id=3836, stack(0x000000c742800000,0x000000c742900000) (1024K)]
  0x000002c27bc8e9b0 JavaThread "File watcher consumer"      daemon [_thread_blocked, id=9764, stack(0x000000c742900000,0x000000c742a00000) (1024K)]
  0x000002c27c7f9da0 JavaThread "Cache worker for checksums cache (D:\Practical\flutter-apps\employee_task_manager\android\.gradle\8.12\checksums)"        [_thread_blocked, id=17148, stack(0x000000c73f800000,0x000000c73f900000) (1024K)]
  0x000002c27c7fa430 JavaThread "Cache worker for file content cache (C:\Users\Aryan\.gradle\caches\8.12\fileContent)"        [_thread_blocked, id=6588, stack(0x000000c742500000,0x000000c742600000) (1024K)]
  0x000002c27c7fb7e0 JavaThread "Cache worker for cache directory md-rule (C:\Users\Aryan\.gradle\caches\8.12\md-rule)"        [_thread_blocked, id=13712, stack(0x000000c742a00000,0x000000c742b00000) (1024K)]
  0x000002c27bc8e320 JavaThread "Cache worker for cache directory md-supplier (C:\Users\Aryan\.gradle\caches\8.12\md-supplier)"        [_thread_blocked, id=6188, stack(0x000000c742b00000,0x000000c742c00000) (1024K)]
  0x000002c2295a7d60 JavaThread "Cache worker for Build Output Cleanup Cache (D:\Practical\flutter\packages\flutter_tools\gradle\.gradle\buildOutputCleanup)"        [_thread_blocked, id=444, stack(0x000000c742c00000,0x000000c742d00000) (1024K)]
Total: 33

Other Threads:
=>0x000002c27a013a60 VMThread "VM Thread"                           [id=8260, stack(0x000000c740200000,0x000000c740300000) (1024K)]
  0x000002c27315e350 WatcherThread "VM Periodic Task Thread"        [id=10028, stack(0x000000c740100000,0x000000c740200000) (1024K)]
  0x000002c2657a1610 WorkerThread "GC Thread#0"                     [id=10852, stack(0x000000c73fc00000,0x000000c73fd00000) (1024K)]
  0x000002c27a4da490 WorkerThread "GC Thread#1"                     [id=14100, stack(0x000000c740e00000,0x000000c740f00000) (1024K)]
  0x000002c27a6ec730 WorkerThread "GC Thread#2"                     [id=7588, stack(0x000000c740f00000,0x000000c741000000) (1024K)]
  0x000002c27b0f4590 WorkerThread "GC Thread#3"                     [id=19488, stack(0x000000c740d00000,0x000000c740e00000) (1024K)]
  0x000002c27af88620 WorkerThread "GC Thread#4"                     [id=10256, stack(0x000000c741000000,0x000000c741100000) (1024K)]
  0x000002c27b342fc0 WorkerThread "GC Thread#5"                     [id=8496, stack(0x000000c741100000,0x000000c741200000) (1024K)]
  0x000002c27badf8b0 WorkerThread "GC Thread#6"                     [id=13348, stack(0x000000c741200000,0x000000c741300000) (1024K)]
  0x000002c27badfc50 WorkerThread "GC Thread#7"                     [id=15636, stack(0x000000c741300000,0x000000c741400000) (1024K)]
  0x000002c27a3718a0 WorkerThread "GC Thread#8"                     [id=7208, stack(0x000000c741400000,0x000000c741500000) (1024K)]
  0x000002c27a371160 WorkerThread "GC Thread#9"                     [id=13692, stack(0x000000c741f00000,0x000000c742000000) (1024K)]
  0x000002c272fb82d0 ConcurrentGCThread "G1 Main Marker"            [id=11156, stack(0x000000c73fd00000,0x000000c73fe00000) (1024K)]
  0x000002c272fb9b20 WorkerThread "G1 Conc#0"                       [id=10472, stack(0x000000c73fe00000,0x000000c73ff00000) (1024K)]
  0x000002c27a371c40 WorkerThread "G1 Conc#1"                       [id=3684, stack(0x000000c742000000,0x000000c742100000) (1024K)]
  0x000002c27a370a20 WorkerThread "G1 Conc#2"                       [id=2572, stack(0x000000c742100000,0x000000c742200000) (1024K)]
  0x000002c273032840 ConcurrentGCThread "G1 Refine#0"               [id=18992, stack(0x000000c73ff00000,0x000000c740000000) (1024K)]
  0x000002c273033160 ConcurrentGCThread "G1 Service"                [id=11692, stack(0x000000c740000000,0x000000c740100000) (1024K)]
Total: 18

Threads with active compile tasks:
Total: 0

VM state: at safepoint (normal execution)

VM Mutex/Monitor currently owned by a thread:  ([mutex/lock_event])
[0x00007ffb3fdae3a0] Threads_lock - owner thread: 0x000002c27a013a60
[0x00007ffb3fdae4a0] Heap_lock - owner thread: 0x000002c27bc8aea0

Heap address: 0x0000000600000000, size: 8192 MB, Compressed Oops mode: Zero based, Oop shift amount: 3

CDS archive(s) not mapped
Compressed class space mapped at: 0x0000000800000000-0x0000000840000000, reserved size: 1073741824
Narrow klass base: 0x0000000800000000, Narrow klass shift: 0, Narrow klass range: 0x40000000

GC Precious Log:
 CardTable entry size: 512
 Card Set container configuration: InlinePtr #cards 4 size 8 Array Of Cards #cards 32 size 80 Howl #buckets 8 coarsen threshold 7372 Howl Bitmap #cards 1024 size 144 coarsen threshold 921 Card regions per heap region 1 cards per card region 8192
 CPUs: 12 total, 12 available
 Memory: 7863M
 Large Page Support: Disabled
 NUMA Support: Disabled
 Compressed Oops: Enabled (Zero based)
 Heap Region Size: 4M
 Heap Min Capacity: 8M
 Heap Initial Capacity: 124M
 Heap Max Capacity: 8G
 Pre-touch: Disabled
 Parallel Workers: 10
 Concurrent Workers: 3
 Concurrent Refinement Workers: 10
 Periodic GC: Disabled

Heap:
 garbage-first heap   total 143360K, used 84793K [0x0000000600000000, 0x0000000800000000)
  region size 4096K, 2 young (8192K), 2 survivors (8192K)
 Metaspace       used 125002K, committed 127168K, reserved 1179648K
  class space    used 15881K, committed 16960K, reserved 1048576K

Heap Regions: E=young(eden), S=young(survivor), O=old, HS=humongous(starts), HC=humongous(continues), CS=collection set, F=free, TAMS=top-at-mark-start, PB=parsable bottom
|   0|0x0000000600000000, 0x0000000600400000, 0x0000000600400000|100%|HS|  |TAMS 0x0000000600400000| PB 0x0000000600000000| Complete 
|   1|0x0000000600400000, 0x0000000600800000, 0x0000000600800000|100%| O|  |TAMS 0x0000000600800000| PB 0x0000000600400000| Untracked 
|   2|0x0000000600800000, 0x0000000600c00000, 0x0000000600c00000|100%| O|  |TAMS 0x0000000600c00000| PB 0x0000000600800000| Untracked 
|   3|0x0000000600c00000, 0x0000000601000000, 0x0000000601000000|100%| O|  |TAMS 0x0000000601000000| PB 0x0000000600c00000| Untracked 
|   4|0x0000000601000000, 0x0000000601400000, 0x0000000601400000|100%| O|  |TAMS 0x0000000601400000| PB 0x0000000601000000| Untracked 
|   5|0x0000000601400000, 0x0000000601800000, 0x0000000601800000|100%| O|  |TAMS 0x0000000601800000| PB 0x0000000601400000| Untracked 
|   6|0x0000000601800000, 0x0000000601c00000, 0x0000000601c00000|100%|HS|  |TAMS 0x0000000601c00000| PB 0x0000000601800000| Complete 
|   7|0x0000000601c00000, 0x0000000602000000, 0x0000000602000000|100%|HC|  |TAMS 0x0000000602000000| PB 0x0000000601c00000| Complete 
|   8|0x0000000602000000, 0x0000000602400000, 0x0000000602400000|100%| O|  |TAMS 0x00000006023ebf40| PB 0x0000000602000000| Untracked 
|   9|0x0000000602400000, 0x0000000602800000, 0x0000000602800000|100%| O|  |TAMS 0x0000000602800000| PB 0x0000000602400000| Untracked 
|  10|0x0000000602800000, 0x0000000602c00000, 0x0000000602c00000|100%| O|  |TAMS 0x0000000602c00000| PB 0x0000000602800000| Untracked 
|  11|0x0000000602c00000, 0x0000000603000000, 0x0000000603000000|100%| O|  |TAMS 0x0000000603000000| PB 0x0000000602c00000| Untracked 
|  12|0x0000000603000000, 0x0000000603400000, 0x0000000603400000|100%| O|  |TAMS 0x0000000603400000| PB 0x0000000603000000| Untracked 
|  13|0x0000000603400000, 0x0000000603800000, 0x0000000603800000|100%| O|  |TAMS 0x0000000603800000| PB 0x0000000603400000| Untracked 
|  14|0x0000000603800000, 0x0000000603c00000, 0x0000000603c00000|100%| O|  |TAMS 0x0000000603c00000| PB 0x0000000603800000| Untracked 
|  15|0x0000000603c00000, 0x0000000604000000, 0x0000000604000000|100%| O|  |TAMS 0x0000000604000000| PB 0x0000000603c00000| Untracked 
|  16|0x0000000604000000, 0x0000000604400000, 0x0000000604400000|100%| O|  |TAMS 0x0000000604400000| PB 0x0000000604000000| Untracked 
|  17|0x0000000604400000, 0x0000000604603db8, 0x0000000604800000| 50%| O|  |TAMS 0x0000000604400000| PB 0x0000000604400000| Untracked 
|  18|0x0000000604800000, 0x0000000604800000, 0x0000000604c00000|  0%| F|  |TAMS 0x0000000604800000| PB 0x0000000604800000| Untracked 
|  19|0x0000000604c00000, 0x0000000604c00000, 0x0000000605000000|  0%| F|  |TAMS 0x0000000604c00000| PB 0x0000000604c00000| Untracked 
|  20|0x0000000605000000, 0x0000000605000000, 0x0000000605400000|  0%| F|  |TAMS 0x0000000605000000| PB 0x0000000605000000| Untracked 
|  21|0x0000000605400000, 0x0000000605400000, 0x0000000605800000|  0%| F|  |TAMS 0x0000000605400000| PB 0x0000000605400000| Untracked 
|  22|0x0000000605800000, 0x00000006058ca848, 0x0000000605c00000| 19%| S|CS|TAMS 0x0000000605800000| PB 0x0000000605800000| Complete 
|  23|0x0000000605c00000, 0x0000000606000000, 0x0000000606000000|100%| S|CS|TAMS 0x0000000605c00000| PB 0x0000000605c00000| Complete 
|  24|0x0000000606000000, 0x0000000606000000, 0x0000000606400000|  0%| F|  |TAMS 0x0000000606000000| PB 0x0000000606000000| Untracked 
|  25|0x0000000606400000, 0x0000000606400000, 0x0000000606800000|  0%| F|  |TAMS 0x0000000606400000| PB 0x0000000606400000| Untracked 
|  26|0x0000000606800000, 0x0000000606800000, 0x0000000606c00000|  0%| F|  |TAMS 0x0000000606800000| PB 0x0000000606800000| Untracked 
|  27|0x0000000606c00000, 0x0000000606c00000, 0x0000000607000000|  0%| F|  |TAMS 0x0000000606c00000| PB 0x0000000606c00000| Untracked 
|  28|0x0000000607000000, 0x0000000607000000, 0x0000000607400000|  0%| F|  |TAMS 0x0000000607000000| PB 0x0000000607000000| Untracked 
|  29|0x0000000607400000, 0x0000000607400000, 0x0000000607800000|  0%| F|  |TAMS 0x0000000607400000| PB 0x0000000607400000| Untracked 
|  30|0x0000000607800000, 0x0000000607800000, 0x0000000607c00000|  0%| F|  |TAMS 0x0000000607800000| PB 0x0000000607800000| Untracked 
|  31|0x0000000607c00000, 0x0000000607c00000, 0x0000000608000000|  0%| F|  |TAMS 0x0000000607c00000| PB 0x0000000607c00000| Untracked 
|2045|0x00000007ff400000, 0x00000007ff400000, 0x00000007ff800000|  0%| F|  |TAMS 0x00000007ff400000| PB 0x00000007ff400000| Untracked 
|2046|0x00000007ff800000, 0x00000007ffc00000, 0x00000007ffc00000|100%| O|  |TAMS 0x00000007ffc00000| PB 0x00000007ff800000| Untracked 
|2047|0x00000007ffc00000, 0x0000000800000000, 0x0000000800000000|100%| O|  |TAMS 0x0000000800000000| PB 0x00000007ffc00000| Untracked 

Card table byte_map: [0x000002c269fb0000,0x000002c26afb0000] _byte_map_base: 0x000002c266fb0000

Marking Bits: (CMBitMap*) 0x000002c2657a1c20
 Bits: [0x000002c26afb0000, 0x000002c272fb0000)

Polling page: 0x000002c263460000

Metaspace:

Usage:
  Non-class:    106.56 MB used.
      Class:     15.51 MB used.
       Both:    122.07 MB used.

Virtual space:
  Non-class space:      128.00 MB reserved,     107.62 MB ( 84%) committed,  2 nodes.
      Class space:        1.00 GB reserved,      16.56 MB (  2%) committed,  1 nodes.
             Both:        1.12 GB reserved,     124.19 MB ( 11%) committed. 

Chunk freelists:
   Non-Class:  4.19 MB
       Class:  15.41 MB
        Both:  19.59 MB

MaxMetaspaceSize: 4.00 GB
CompressedClassSpaceSize: 1.00 GB
Initial GC threshold: 21.00 MB
Current GC threshold: 190.56 MB
CDS: off
 - commit_granule_bytes: 65536.
 - commit_granule_words: 8192.
 - virtual_space_node_default_size: 8388608.
 - enlarge_chunks_in_place: 1.
 - use_allocation_guard: 0.


Internal statistics:

num_allocs_failed_limit: 12.
num_arena_births: 4028.
num_arena_deaths: 0.
num_vsnodes_births: 3.
num_vsnodes_deaths: 0.
num_space_committed: 1985.
num_space_uncommitted: 0.
num_chunks_returned_to_freelist: 12.
num_chunks_taken_from_freelist: 8841.
num_chunk_merges: 12.
num_chunk_splits: 6304.
num_chunks_enlarged: 4485.
num_inconsistent_stats: 0.

CodeHeap 'non-profiled nmethods': size=259264Kb used=5555Kb max_used=5555Kb free=253708Kb
 bounds [0x000002c2102d0000, 0x000002c210840000, 0x000002c220000000]
CodeHeap 'profiled nmethods': size=259264Kb used=19552Kb max_used=19552Kb free=239711Kb
 bounds [0x000002c200000000, 0x000002c201320000, 0x000002c20fd30000]
CodeHeap 'non-nmethods': size=5760Kb used=2277Kb max_used=2312Kb free=3482Kb
 bounds [0x000002c20fd30000, 0x000002c20ffa0000, 0x000002c2102d0000]
 total_blobs=9804 nmethods=8827 adapters=879
 compilation: enabled
              stopped_count=0, restarted_count=0
 full_count=0

Compilation events (20 events):
Event: 35.738 Thread 0x000002c27a0910c0 nmethod 9689 0x000002c201312d10 code [0x000002c201312f20, 0x000002c201313608]
Event: 35.738 Thread 0x000002c27a0910c0 9690       3       org.gradle.model.internal.asm.MethodVisitorScope::_UNBOX (178 bytes)
Event: 35.739 Thread 0x000002c27a0910c0 nmethod 9690 0x000002c201313890 code [0x000002c201313d20, 0x000002c201315e00]
Event: 35.739 Thread 0x000002c27a0910c0 9691       3       jdk.internal.org.objectweb.asm.ClassReader::readUTF8 (23 bytes)
Event: 35.739 Thread 0x000002c27a0910c0 nmethod 9691 0x000002c201316790 code [0x000002c201316960, 0x000002c201316ba8]
Event: 35.739 Thread 0x000002c27a0910c0 9692       3       jdk.internal.org.objectweb.asm.ClassReader::readUtf (44 bytes)
Event: 35.739 Thread 0x000002c27a0910c0 nmethod 9692 0x000002c201316c90 code [0x000002c201316e80, 0x000002c201317290]
Event: 35.742 Thread 0x000002c27a0dba40 nmethod 9684 0x000002c210832390 code [0x000002c2108326c0, 0x000002c2108343e8]
Event: 35.742 Thread 0x000002c27a0dba40 9686       4       java.util.regex.Pattern::compile (537 bytes)
Event: 35.775 Thread 0x000002c27a0dba40 nmethod 9686 0x000002c210835b90 code [0x000002c210836040, 0x000002c210838fc0]
Event: 35.775 Thread 0x000002c27a0dba40 9687       4       org.objectweb.asm.Frame::push (59 bytes)
Event: 35.783 Thread 0x000002c27a0dba40 nmethod 9687 0x000002c21083a110 code [0x000002c21083a380, 0x000002c21083b208]
Event: 35.783 Thread 0x000002c27a0dba40 9685       4       sun.net.www.protocol.jar.Handler::parseContextSpec (150 bytes)
Event: 35.786 Thread 0x000002c27a0dba40 nmethod 9685 0x000002c21083ba90 code [0x000002c21083bc60, 0x000002c21083c338]
Event: 35.796 Thread 0x000002c27a0910c0 9694       3       java.net.URI$Parser::scan (76 bytes)
Event: 35.797 Thread 0x000002c27a0910c0 nmethod 9694 0x000002c201317490 code [0x000002c2013176c0, 0x000002c201317f40]
Event: 35.810 Thread 0x000002c27a0dba40 9695       4       java.util.regex.ASCII::isDigit (18 bytes)
Event: 35.810 Thread 0x000002c27a0dba40 nmethod 9695 0x000002c21083c790 code [0x000002c21083c900, 0x000002c21083c988]
Event: 35.822 Thread 0x000002c27a0dba40 9696       4       java.lang.invoke.MethodHandles$Lookup::<init> (84 bytes)
Event: 35.823 Thread 0x000002c27a0dba40 nmethod 9696 0x000002c21083ca90 code [0x000002c21083cc20, 0x000002c21083ce90]

GC Heap History (20 events):
Event: 26.607 GC heap after
{Heap after GC invocations=17 (full 0):
 garbage-first heap   total 139264K, used 61790K [0x0000000600000000, 0x0000000800000000)
  region size 4096K, 2 young (8192K), 2 survivors (8192K)
 Metaspace       used 76663K, committed 77952K, reserved 1179648K
  class space    used 9960K, committed 10560K, reserved 1048576K
}
Event: 27.654 GC heap before
{Heap before GC invocations=17 (full 0):
 garbage-first heap   total 139264K, used 115038K [0x0000000600000000, 0x0000000800000000)
  region size 4096K, 15 young (61440K), 2 survivors (8192K)
 Metaspace       used 83618K, committed 85056K, reserved 1179648K
  class space    used 10863K, committed 11584K, reserved 1048576K
}
Event: 27.659 GC heap after
{Heap after GC invocations=18 (full 0):
 garbage-first heap   total 139264K, used 64327K [0x0000000600000000, 0x0000000800000000)
  region size 4096K, 1 young (4096K), 1 survivors (4096K)
 Metaspace       used 83618K, committed 85056K, reserved 1179648K
  class space    used 10863K, committed 11584K, reserved 1048576K
}
Event: 28.523 GC heap before
{Heap before GC invocations=18 (full 0):
 garbage-first heap   total 139264K, used 121671K [0x0000000600000000, 0x0000000800000000)
  region size 4096K, 15 young (61440K), 1 survivors (4096K)
 Metaspace       used 87818K, committed 89216K, reserved 1179648K
  class space    used 11352K, committed 12032K, reserved 1048576K
}
Event: 28.529 GC heap after
{Heap after GC invocations=19 (full 0):
 garbage-first heap   total 139264K, used 67614K [0x0000000600000000, 0x0000000800000000)
  region size 4096K, 2 young (8192K), 2 survivors (8192K)
 Metaspace       used 87818K, committed 89216K, reserved 1179648K
  class space    used 11352K, committed 12032K, reserved 1048576K
}
Event: 29.394 GC heap before
{Heap before GC invocations=19 (full 0):
 garbage-first heap   total 139264K, used 116766K [0x0000000600000000, 0x0000000800000000)
  region size 4096K, 14 young (57344K), 2 survivors (8192K)
 Metaspace       used 91271K, committed 92800K, reserved 1179648K
  class space    used 11741K, committed 12480K, reserved 1048576K
}
Event: 29.401 GC heap after
{Heap after GC invocations=20 (full 0):
 garbage-first heap   total 139264K, used 71456K [0x0000000600000000, 0x0000000800000000)
  region size 4096K, 2 young (8192K), 2 survivors (8192K)
 Metaspace       used 91271K, committed 92800K, reserved 1179648K
  class space    used 11741K, committed 12480K, reserved 1048576K
}
Event: 30.524 GC heap before
{Heap before GC invocations=20 (full 0):
 garbage-first heap   total 139264K, used 116512K [0x0000000600000000, 0x0000000800000000)
  region size 4096K, 13 young (53248K), 2 survivors (8192K)
 Metaspace       used 96219K, committed 97664K, reserved 1179648K
  class space    used 12238K, committed 12928K, reserved 1048576K
}
Event: 30.532 GC heap after
{Heap after GC invocations=21 (full 0):
 garbage-first heap   total 139264K, used 76000K [0x0000000600000000, 0x0000000800000000)
  region size 4096K, 2 young (8192K), 2 survivors (8192K)
 Metaspace       used 96219K, committed 97664K, reserved 1179648K
  class space    used 12238K, committed 12928K, reserved 1048576K
}
Event: 31.335 GC heap before
{Heap before GC invocations=22 (full 0):
 garbage-first heap   total 139264K, used 116960K [0x0000000600000000, 0x0000000800000000)
  region size 4096K, 12 young (49152K), 2 survivors (8192K)
 Metaspace       used 102243K, committed 103744K, reserved 1179648K
  class space    used 12960K, committed 13696K, reserved 1048576K
}
Event: 31.342 GC heap after
{Heap after GC invocations=23 (full 0):
 garbage-first heap   total 139264K, used 77788K [0x0000000600000000, 0x0000000800000000)
  region size 4096K, 1 young (4096K), 1 survivors (4096K)
 Metaspace       used 102243K, committed 103744K, reserved 1179648K
  class space    used 12960K, committed 13696K, reserved 1048576K
}
Event: 32.224 GC heap before
{Heap before GC invocations=23 (full 0):
 garbage-first heap   total 139264K, used 114652K [0x0000000600000000, 0x0000000800000000)
  region size 4096K, 11 young (45056K), 1 survivors (4096K)
 Metaspace       used 109323K, committed 110848K, reserved 1179648K
  class space    used 13537K, committed 14272K, reserved 1048576K
}
Event: 32.230 GC heap after
{Heap after GC invocations=24 (full 0):
 garbage-first heap   total 139264K, used 78768K [0x0000000600000000, 0x0000000800000000)
  region size 4096K, 1 young (4096K), 1 survivors (4096K)
 Metaspace       used 109323K, committed 110848K, reserved 1179648K
  class space    used 13537K, committed 14272K, reserved 1048576K
}
Event: 33.536 GC heap before
{Heap before GC invocations=24 (full 0):
 garbage-first heap   total 139264K, used 115632K [0x0000000600000000, 0x0000000800000000)
  region size 4096K, 11 young (45056K), 1 survivors (4096K)
 Metaspace       used 115153K, committed 116864K, reserved 1179648K
  class space    used 14242K, committed 15104K, reserved 1048576K
}
Event: 33.541 GC heap after
{Heap after GC invocations=25 (full 0):
 garbage-first heap   total 139264K, used 80534K [0x0000000600000000, 0x0000000800000000)
  region size 4096K, 2 young (8192K), 2 survivors (8192K)
 Metaspace       used 115153K, committed 116864K, reserved 1179648K
  class space    used 14242K, committed 15104K, reserved 1048576K
}
Event: 34.267 GC heap before
{Heap before GC invocations=26 (full 0):
 garbage-first heap   total 143360K, used 113302K [0x0000000600000000, 0x0000000800000000)
  region size 4096K, 10 young (40960K), 2 survivors (8192K)
 Metaspace       used 118982K, committed 120960K, reserved 1179648K
  class space    used 14880K, committed 15872K, reserved 1048576K
}
Event: 34.273 GC heap after
{Heap after GC invocations=27 (full 0):
 garbage-first heap   total 143360K, used 82205K [0x0000000600000000, 0x0000000800000000)
  region size 4096K, 2 young (8192K), 2 survivors (8192K)
 Metaspace       used 118982K, committed 120960K, reserved 1179648K
  class space    used 14880K, committed 15872K, reserved 1048576K
}
Event: 34.871 GC heap before
{Heap before GC invocations=27 (full 0):
 garbage-first heap   total 143360K, used 119069K [0x0000000600000000, 0x0000000800000000)
  region size 4096K, 11 young (45056K), 2 survivors (8192K)
 Metaspace       used 121156K, committed 123200K, reserved 1179648K
  class space    used 15230K, committed 16256K, reserved 1048576K
}
Event: 34.879 GC heap after
{Heap after GC invocations=28 (full 0):
 garbage-first heap   total 143360K, used 82631K [0x0000000600000000, 0x0000000800000000)
  region size 4096K, 2 young (8192K), 2 survivors (8192K)
 Metaspace       used 121156K, committed 123200K, reserved 1179648K
  class space    used 15230K, committed 16256K, reserved 1048576K
}
Event: 35.854 GC heap before
{Heap before GC invocations=28 (full 0):
 garbage-first heap   total 143360K, used 119495K [0x0000000600000000, 0x0000000800000000)
  region size 4096K, 11 young (45056K), 2 survivors (8192K)
 Metaspace       used 125002K, committed 127168K, reserved 1179648K
  class space    used 15881K, committed 16960K, reserved 1048576K
}

Dll operation events (3 events):
Event: 0.031 Loaded shared library D:\Practical\AndroidStudios\jbr\bin\java.dll
Event: 0.034 Loaded shared library D:\Practical\AndroidStudios\jbr\bin\zip.dll
Event: 0.367 Loaded shared library D:\Practical\AndroidStudios\jbr\bin\verify.dll

Deoptimization events (20 events):
Event: 35.070 Thread 0x000002c27bc8aea0 DEOPT PACKING pc=0x000002c201283582 sp=0x000000c741bf4fd0
Event: 35.070 Thread 0x000002c27bc8aea0 DEOPT UNPACKING pc=0x000002c20fd84e42 sp=0x000000c741bf4458 mode 0
Event: 35.180 Thread 0x000002c27bc8aea0 Uncommon trap: trap_request=0xffffff45 fr.pc=0x000002c2107c26a4 relative=0x00000000000003a4
Event: 35.180 Thread 0x000002c27bc8aea0 Uncommon trap: reason=unstable_if action=reinterpret pc=0x000002c2107c26a4 method=org.gradle.internal.reflect.PropertyAccessorType.isGetGetterName(Ljava/lang/String;)Z @ 14 c2
Event: 35.180 Thread 0x000002c27bc8aea0 DEOPT PACKING pc=0x000002c2107c26a4 sp=0x000000c741bf65b0
Event: 35.180 Thread 0x000002c27bc8aea0 DEOPT UNPACKING pc=0x000002c20fd846a2 sp=0x000000c741bf6508 mode 2
Event: 35.196 Thread 0x000002c27bc8aea0 Uncommon trap: trap_request=0xffffff45 fr.pc=0x000002c2108060d0 relative=0x00000000000004d0
Event: 35.196 Thread 0x000002c27bc8aea0 Uncommon trap: reason=unstable_if action=reinterpret pc=0x000002c2108060d0 method=org.objectweb.asm.MethodWriter.visitVarInsn(II)V @ 108 c2
Event: 35.196 Thread 0x000002c27bc8aea0 DEOPT PACKING pc=0x000002c2108060d0 sp=0x000000c741bf6150
Event: 35.196 Thread 0x000002c27bc8aea0 DEOPT UNPACKING pc=0x000002c20fd846a2 sp=0x000000c741bf6108 mode 2
Event: 35.286 Thread 0x000002c27bc8aea0 DEOPT PACKING pc=0x000002c20126db08 sp=0x000000c741bf27e0
Event: 35.286 Thread 0x000002c27bc8aea0 DEOPT UNPACKING pc=0x000002c20fd84e42 sp=0x000000c741bf1cc8 mode 0
Event: 35.338 Thread 0x000002c27bc8aea0 Uncommon trap: trap_request=0xffffff45 fr.pc=0x000002c2103534b4 relative=0x0000000000000174
Event: 35.338 Thread 0x000002c27bc8aea0 Uncommon trap: reason=unstable_if action=reinterpret pc=0x000002c2103534b4 method=java.net.URI.match(CJJ)Z @ 45 c2
Event: 35.338 Thread 0x000002c27bc8aea0 DEOPT PACKING pc=0x000002c2103534b4 sp=0x000000c741bf68c0
Event: 35.338 Thread 0x000002c27bc8aea0 DEOPT UNPACKING pc=0x000002c20fd846a2 sp=0x000000c741bf67e8 mode 2
Event: 35.338 Thread 0x000002c27bc8aea0 Uncommon trap: trap_request=0xffffff45 fr.pc=0x000002c210308b78 relative=0x0000000000000058
Event: 35.338 Thread 0x000002c27bc8aea0 Uncommon trap: reason=unstable_if action=reinterpret pc=0x000002c210308b78 method=java.net.URI.match(CJJ)Z @ 19 c2
Event: 35.338 Thread 0x000002c27bc8aea0 DEOPT PACKING pc=0x000002c210308b78 sp=0x000000c741bf68d0
Event: 35.338 Thread 0x000002c27bc8aea0 DEOPT UNPACKING pc=0x000002c20fd846a2 sp=0x000000c741bf6860 mode 2

Classes loaded (20 events):
Event: 35.174 Loading class java/util/function/LongUnaryOperator
Event: 35.174 Loading class java/util/function/LongUnaryOperator done
Event: 35.343 Loading class javax/net/ssl/HostnameVerifier
Event: 35.344 Loading class javax/net/ssl/HostnameVerifier done
Event: 35.349 Loading class javax/net/ssl/TrustManager
Event: 35.349 Loading class javax/net/ssl/TrustManager done
Event: 35.349 Loading class javax/net/ssl/X509TrustManager
Event: 35.350 Loading class javax/net/ssl/X509TrustManager done
Event: 35.353 Loading class javax/naming/NamingException
Event: 35.354 Loading class javax/naming/NamingException done
Event: 35.354 Loading class javax/naming/InvalidNameException
Event: 35.355 Loading class javax/naming/InvalidNameException done
Event: 35.355 Loading class javax/net/ssl/SSLException
Event: 35.355 Loading class javax/net/ssl/SSLException done
Event: 35.355 Loading class javax/net/ssl/SSLPeerUnverifiedException
Event: 35.355 Loading class javax/net/ssl/SSLPeerUnverifiedException done
Event: 35.355 Loading class java/security/cert/CertificateParsingException
Event: 35.356 Loading class java/security/cert/CertificateException
Event: 35.356 Loading class java/security/cert/CertificateException done
Event: 35.356 Loading class java/security/cert/CertificateParsingException done

Classes unloaded (0 events):
No events

Classes redefined (0 events):
No events

Internal exceptions (20 events):
Event: 34.127 Thread 0x000002c27bc8aea0 Exception <a 'java/lang/NoSuchMethodError'{0x0000000606600840}: 'int java.lang.invoke.DirectMethodHandle$Holder.invokeInterface(java.lang.Object, java.lang.Object, java.lang.Object, java.lang.Object)'> (0x0000000606600840) 
thrown [s\src\hotspot\share\interpreter\linkResolver.cpp, line 784]
Event: 34.185 Thread 0x000002c27bc8aea0 Exception <a 'java/lang/NoSuchMethodError'{0x0000000606015c60}: 'java.lang.Object java.lang.invoke.DirectMethodHandle$Holder.invokeStatic(java.lang.Object, long, java.lang.Object)'> (0x0000000606015c60) 
thrown [s\src\hotspot\share\interpreter\linkResolver.cpp, line 784]
Event: 34.186 Thread 0x000002c27bc8aea0 Exception <a 'java/lang/NoSuchMethodError'{0x000000060601cba0}: 'java.lang.Object java.lang.invoke.DirectMethodHandle$Holder.newInvokeSpecial(java.lang.Object, long)'> (0x000000060601cba0) 
thrown [s\src\hotspot\share\interpreter\linkResolver.cpp, line 784]
Event: 34.197 Thread 0x000002c27bc8aea0 Exception <a 'java/lang/NoSuchMethodError'{0x0000000606087240}: 'java.lang.Object java.lang.invoke.Invokers$Holder.linkToTargetMethod(java.lang.Object, java.lang.Object, java.lang.Object, java.lang.Object, long, java.lang.Object, java.lang.Object)'> (0x0000000606087240) 
thrown [s\src\hotspot\share\interpreter\linkResolver.cpp, line 784]
Event: 34.204 Thread 0x000002c27bc8aea0 Exception <a 'java/lang/NoSuchMethodError'{0x00000006060cfc38}: 'java.lang.Object java.lang.invoke.DirectMethodHandle$Holder.invokeSpecial(java.lang.Object, java.lang.Object, java.lang.Object, java.lang.Object, long, java.lang.Object)'> (0x00000006060cfc38) 
thrown [s\src\hotspot\share\interpreter\linkResolver.cpp, line 784]
Event: 34.204 Thread 0x000002c27bc8aea0 Exception <a 'java/lang/NoSuchMethodError'{0x00000006060d3e88}: 'java.lang.Object java.lang.invoke.Invokers$Holder.linkToTargetMethod(java.lang.Object, java.lang.Object, long, java.lang.Object, java.lang.Object)'> (0x00000006060d3e88) 
thrown [s\src\hotspot\share\interpreter\linkResolver.cpp, line 784]
Event: 34.261 Thread 0x000002c27bc8aea0 Exception <a 'java/lang/NoSuchMethodError'{0x0000000606339560}: 'java.lang.Object java.lang.invoke.DirectMethodHandle$Holder.newInvokeSpecial(java.lang.Object, java.lang.Object, java.lang.Object, java.lang.Object, java.lang.Object, java.lang.Object, java.lang.Object, java.lang.Object, java.lang.Object, java.lang.Object, java.lang.Object, java.lang.Object, java.lang.Object, java.lang.Object, java.lang.Object, java.lang.Object, java.lang.Object, java.lang.Object, java.lang.Object, java.lang.Object, java.lang
Event: 34.474 Thread 0x000002c27bc8aea0 Exception <a 'java/lang/IncompatibleClassChangeError'{0x0000000607499078}: Found class java.lang.Object, but interface was expected> (0x0000000607499078) 
thrown [s\src\hotspot\share\interpreter\linkResolver.cpp, line 851]
Event: 34.563 Thread 0x000002c27bc8aea0 Exception <a 'sun/nio/fs/WindowsException'{0x0000000607730a00}> (0x0000000607730a00) 
thrown [s\src\hotspot\share\prims\jni.cpp, line 535]
Event: 34.564 Thread 0x000002c27bc8aea0 Exception <a 'sun/nio/fs/WindowsException'{0x00000006077326f0}> (0x00000006077326f0) 
thrown [s\src\hotspot\share\prims\jni.cpp, line 535]
Event: 34.564 Thread 0x000002c27bc8aea0 Exception <a 'sun/nio/fs/WindowsException'{0x00000006077343d0}> (0x00000006077343d0) 
thrown [s\src\hotspot\share\prims\jni.cpp, line 535]
Event: 34.564 Thread 0x000002c27bc8aea0 Exception <a 'sun/nio/fs/WindowsException'{0x0000000607754a88}> (0x0000000607754a88) 
thrown [s\src\hotspot\share\prims\jni.cpp, line 535]
Event: 35.175 Thread 0x000002c27bc8aea0 Exception <a 'java/lang/NoSuchMethodError'{0x00000006074f0b48}: 'long java.lang.invoke.DirectMethodHandle$Holder.invokeStatic(java.lang.Object, long)'> (0x00000006074f0b48) 
thrown [s\src\hotspot\share\interpreter\linkResolver.cpp, line 784]
Event: 35.196 Thread 0x000002c27bc8aea0 Implicit null exception at 0x000002c210805cd7 to 0x000002c2108060c4
Event: 35.333 Thread 0x000002c27bc8aea0 Exception <a 'java/lang/NoSuchMethodError'{0x0000000606c57680}: 'java.lang.Object java.lang.invoke.DirectMethodHandle$Holder.invokeVirtual(java.lang.Object, java.lang.Object, java.lang.Object, java.lang.Object, java.lang.Object, java.lang.Object, java.lang.Object, java.lang.Object, java.lang.Object, java.lang.Object, java.lang.Object, java.lang.Object, java.lang.Object, java.lang.Object, java.lang.Object, java.lang.Object, java.lang.Object)'> (0x0000000606c57680) 
thrown [s\src\hotspot\share\interpreter\li
Event: 35.334 Thread 0x000002c27bc8aea0 Exception <a 'java/lang/NoSuchMethodError'{0x0000000606c5da78}: 'java.lang.Object java.lang.invoke.DirectMethodHandle$Holder.invokeSpecial(java.lang.Object, java.lang.Object, java.lang.Object, java.lang.Object, java.lang.Object, java.lang.Object, java.lang.Object, java.lang.Object, java.lang.Object, java.lang.Object, java.lang.Object, java.lang.Object, java.lang.Object, java.lang.Object, java.lang.Object, java.lang.Object, java.lang.Object, java.lang.Object)'> (0x0000000606c5da78) 
thrown [s\src\hotspot\sh
Event: 35.334 Thread 0x000002c27bc8aea0 Exception <a 'java/lang/NoSuchMethodError'{0x0000000606c637a8}: 'java.lang.Object java.lang.invoke.DelegatingMethodHandle$Holder.reinvoke_L(java.lang.Object, java.lang.Object, java.lang.Object, java.lang.Object, java.lang.Object, java.lang.Object, java.lang.Object, java.lang.Object, java.lang.Object, java.lang.Object, java.lang.Object, java.lang.Object, java.lang.Object, java.lang.Object, java.lang.Object, java.lang.Object, java.lang.Object)'> (0x0000000606c637a8) 
thrown [s\src\hotspot\share\interpreter\l
Event: 35.629 Thread 0x000002c27bc8aea0 Exception <a 'java/lang/NoSuchMethodError'{0x0000000606abc430}: 'java.lang.Object java.lang.invoke.DirectMethodHandle$Holder.newInvokeSpecial(java.lang.Object, java.lang.Object, int, java.lang.Object)'> (0x0000000606abc430) 
thrown [s\src\hotspot\share\interpreter\linkResolver.cpp, line 784]
Event: 35.630 Thread 0x000002c27bc8aea0 Exception <a 'java/lang/NoSuchMethodError'{0x0000000606ac1268}: 'java.lang.Object java.lang.invoke.DirectMethodHandle$Holder.invokeSpecial(java.lang.Object, java.lang.Object, java.lang.Object, int, java.lang.Object)'> (0x0000000606ac1268) 
thrown [s\src\hotspot\share\interpreter\linkResolver.cpp, line 784]
Event: 35.631 Thread 0x000002c27bc8aea0 Exception <a 'java/lang/NoSuchMethodError'{0x0000000606ac5bb0}: 'java.lang.Object java.lang.invoke.Invokers$Holder.linkToTargetMethod(java.lang.Object, int, java.lang.Object, java.lang.Object)'> (0x0000000606ac5bb0) 
thrown [s\src\hotspot\share\interpreter\linkResolver.cpp, line 784]

ZGC Phase Switch (0 events):
No events

VM Operations (20 events):
Event: 32.798 Executing VM operation: HandshakeAllThreads (Deoptimize) done
Event: 33.536 Executing VM operation: G1CollectForAllocation (G1 Evacuation Pause)
Event: 33.541 Executing VM operation: G1CollectForAllocation (G1 Evacuation Pause) done
Event: 33.568 Executing VM operation: G1PauseRemark
Event: 33.572 Executing VM operation: G1PauseRemark done
Event: 33.581 Executing VM operation: G1PauseCleanup
Event: 33.581 Executing VM operation: G1PauseCleanup done
Event: 34.057 Executing VM operation: HandshakeAllThreads (Deoptimize)
Event: 34.058 Executing VM operation: HandshakeAllThreads (Deoptimize) done
Event: 34.124 Executing VM operation: HandshakeAllThreads (Deoptimize)
Event: 34.124 Executing VM operation: HandshakeAllThreads (Deoptimize) done
Event: 34.267 Executing VM operation: G1CollectForAllocation (G1 Evacuation Pause)
Event: 34.273 Executing VM operation: G1CollectForAllocation (G1 Evacuation Pause) done
Event: 34.871 Executing VM operation: G1CollectForAllocation (G1 Evacuation Pause)
Event: 34.879 Executing VM operation: G1CollectForAllocation (G1 Evacuation Pause) done
Event: 34.902 Executing VM operation: HandshakeAllThreads (Deoptimize)
Event: 34.902 Executing VM operation: HandshakeAllThreads (Deoptimize) done
Event: 34.934 Executing VM operation: HandshakeAllThreads (Deoptimize)
Event: 34.935 Executing VM operation: HandshakeAllThreads (Deoptimize) done
Event: 35.854 Executing VM operation: G1CollectForAllocation (G1 Evacuation Pause)

Memory protections (0 events):
No events

Nmethod flushes (20 events):
Event: 33.571 Thread 0x000002c27a013a60 flushing  nmethod 0x000002c20014ec90
Event: 33.571 Thread 0x000002c27a013a60 flushing  nmethod 0x000002c200226410
Event: 33.571 Thread 0x000002c27a013a60 flushing  nmethod 0x000002c200747a90
Event: 33.571 Thread 0x000002c27a013a60 flushing  nmethod 0x000002c21032a110
Event: 33.571 Thread 0x000002c27a013a60 flushing  nmethod 0x000002c21032b410
Event: 33.571 Thread 0x000002c27a013a60 flushing  nmethod 0x000002c2103cdf90
Event: 33.571 Thread 0x000002c27a013a60 flushing  nmethod 0x000002c210480d10
Event: 33.571 Thread 0x000002c27a013a60 flushing  nmethod 0x000002c21052bf10
Event: 33.571 Thread 0x000002c27a013a60 flushing  nmethod 0x000002c200016410
Event: 33.571 Thread 0x000002c27a013a60 flushing  nmethod 0x000002c200064510
Event: 33.571 Thread 0x000002c27a013a60 flushing  nmethod 0x000002c20008e910
Event: 33.571 Thread 0x000002c27a013a60 flushing  nmethod 0x000002c2000c8190
Event: 33.571 Thread 0x000002c27a013a60 flushing  nmethod 0x000002c200132110
Event: 33.571 Thread 0x000002c27a013a60 flushing osr nmethod 0x000002c200132a10
Event: 33.571 Thread 0x000002c27a013a60 flushing  nmethod 0x000002c2001a9910
Event: 33.571 Thread 0x000002c27a013a60 flushing  nmethod 0x000002c2001d1a10
Event: 33.571 Thread 0x000002c27a013a60 flushing  nmethod 0x000002c2001d5c90
Event: 33.571 Thread 0x000002c27a013a60 flushing  nmethod 0x000002c200273290
Event: 33.571 Thread 0x000002c27a013a60 flushing  nmethod 0x000002c200410d90
Event: 33.571 Thread 0x000002c27a013a60 flushing  nmethod 0x000002c200418490

Events (20 events):
Event: 24.478 Thread 0x000002c27bed0a70 Thread added: 0x000002c27becfcd0
Event: 24.957 Thread 0x000002c27becfcd0 Thread exited: 0x000002c27becfcd0
Event: 24.995 Thread 0x000002c27bed0a70 Thread exited: 0x000002c27bed0a70
Event: 26.476 Thread 0x000002c27a0910c0 Thread added: 0x000002c27cb604d0
Event: 26.796 Thread 0x000002c27cb604d0 Thread exited: 0x000002c27cb604d0
Event: 27.338 Thread 0x000002c27a0910c0 Thread added: 0x000002c27cb626e0
Event: 27.801 Thread 0x000002c27cb626e0 Thread exited: 0x000002c27cb626e0
Event: 28.081 Thread 0x000002c27a0910c0 Thread added: 0x000002c27cb604d0
Event: 28.583 Thread 0x000002c27cb604d0 Thread exited: 0x000002c27cb604d0
Event: 28.667 Thread 0x000002c27a0910c0 Thread added: 0x000002c27cb5f060
Event: 28.911 Thread 0x000002c27cb5f060 Thread exited: 0x000002c27cb5f060
Event: 29.105 Thread 0x000002c27a0910c0 Thread added: 0x000002c27cb5f060
Event: 29.281 Thread 0x000002c27cb5f060 Thread exited: 0x000002c27cb5f060
Event: 29.540 Thread 0x000002c27a0910c0 Thread added: 0x000002c27cb5f060
Event: 30.108 Thread 0x000002c27cb5f060 Thread exited: 0x000002c27cb5f060
Event: 33.341 Thread 0x000002c27bc8aea0 Thread added: 0x000002c27c7f9da0
Event: 33.407 Thread 0x000002c27bc8aea0 Thread added: 0x000002c27c7fa430
Event: 33.677 Thread 0x000002c27bc8aea0 Thread added: 0x000002c27c7fb7e0
Event: 33.792 Thread 0x000002c27bc8aea0 Thread added: 0x000002c27bc8e320
Event: 34.535 Thread 0x000002c27bc8aea0 Thread added: 0x000002c2295a7d60


Dynamic libraries:
0x00007ff7857a0000 - 0x00007ff7857aa000 	D:\Practical\AndroidStudios\jbr\bin\java.exe
0x00007ffbb6000000 - 0x00007ffbb6265000 	C:\WINDOWS\SYSTEM32\ntdll.dll
0x00007ffbb4d40000 - 0x00007ffbb4e09000 	C:\WINDOWS\System32\KERNEL32.DLL
0x00007ffbb3150000 - 0x00007ffbb3538000 	C:\WINDOWS\System32\KERNELBASE.dll
0x00007ffbb3bc0000 - 0x00007ffbb3d0b000 	C:\WINDOWS\System32\ucrtbase.dll
0x00007ffba9c20000 - 0x00007ffba9c38000 	D:\Practical\AndroidStudios\jbr\bin\jli.dll
0x00007ffba27e0000 - 0x00007ffba27fb000 	D:\Practical\AndroidStudios\jbr\bin\VCRUNTIME140.dll
0x00007ffbb4ff0000 - 0x00007ffbb51ba000 	C:\WINDOWS\System32\USER32.dll
0x00007ffbb36c0000 - 0x00007ffbb36e7000 	C:\WINDOWS\System32\win32u.dll
0x00007ffb91e60000 - 0x00007ffb920fa000 	C:\WINDOWS\WinSxS\amd64_microsoft.windows.common-controls_6595b64144ccf1df_6.0.26100.4202_none_3e0698d4e335f517\COMCTL32.dll
0x00007ffbb4f10000 - 0x00007ffbb4f3b000 	C:\WINDOWS\System32\GDI32.dll
0x00007ffbb51c0000 - 0x00007ffbb5269000 	C:\WINDOWS\System32\msvcrt.dll
0x00007ffbb37a0000 - 0x00007ffbb38d7000 	C:\WINDOWS\System32\gdi32full.dll
0x00007ffbb36f0000 - 0x00007ffbb3793000 	C:\WINDOWS\System32\msvcp_win.dll
0x00007ffbb4d00000 - 0x00007ffbb4d30000 	C:\WINDOWS\System32\IMM32.DLL
0x00007ffbaf9f0000 - 0x00007ffbaf9fc000 	D:\Practical\AndroidStudios\jbr\bin\vcruntime140_1.dll
0x00007ffb78690000 - 0x00007ffb7871d000 	D:\Practical\AndroidStudios\jbr\bin\msvcp140.dll
0x00007ffb3f200000 - 0x00007ffb3fe8b000 	D:\Practical\AndroidStudios\jbr\bin\server\jvm.dll
0x00007ffbb3da0000 - 0x00007ffbb3e53000 	C:\WINDOWS\System32\ADVAPI32.dll
0x00007ffbb5f10000 - 0x00007ffbb5fb6000 	C:\WINDOWS\System32\sechost.dll
0x00007ffbb48d0000 - 0x00007ffbb49e5000 	C:\WINDOWS\System32\RPCRT4.dll
0x00007ffbb4e40000 - 0x00007ffbb4eb4000 	C:\WINDOWS\System32\WS2_32.dll
0x00007ffbb2fa0000 - 0x00007ffbb2ffe000 	C:\WINDOWS\SYSTEM32\POWRPROF.dll
0x00007ffba7830000 - 0x00007ffba7865000 	C:\WINDOWS\SYSTEM32\WINMM.dll
0x00007ffb9fe30000 - 0x00007ffb9fe3b000 	C:\WINDOWS\SYSTEM32\VERSION.dll
0x00007ffbb2f80000 - 0x00007ffbb2f94000 	C:\WINDOWS\SYSTEM32\UMPDC.dll
0x00007ffbb1f10000 - 0x00007ffbb1f2b000 	C:\WINDOWS\SYSTEM32\kernel.appcore.dll
0x00007ffbadbb0000 - 0x00007ffbadbba000 	D:\Practical\AndroidStudios\jbr\bin\jimage.dll
0x00007ffbb0a10000 - 0x00007ffbb0c51000 	C:\WINDOWS\SYSTEM32\DBGHELP.DLL
0x00007ffbb4120000 - 0x00007ffbb44a5000 	C:\WINDOWS\System32\combase.dll
0x00007ffbb45b0000 - 0x00007ffbb4691000 	C:\WINDOWS\System32\OLEAUT32.dll
0x00007ffb8f010000 - 0x00007ffb8f049000 	C:\WINDOWS\SYSTEM32\dbgcore.DLL
0x00007ffbb38e0000 - 0x00007ffbb3979000 	C:\WINDOWS\System32\bcryptPrimitives.dll
0x00007ffba18c0000 - 0x00007ffba18ce000 	D:\Practical\AndroidStudios\jbr\bin\instrument.dll
0x00007ffba1a80000 - 0x00007ffba1aa0000 	D:\Practical\AndroidStudios\jbr\bin\java.dll
0x00007ffba1a30000 - 0x00007ffba1a48000 	D:\Practical\AndroidStudios\jbr\bin\zip.dll
0x00007ffbb5330000 - 0x00007ffbb5a72000 	C:\WINDOWS\System32\SHELL32.dll
0x00007ffbb3540000 - 0x00007ffbb36b4000 	C:\WINDOWS\System32\wintypes.dll
0x00007ffbb0c60000 - 0x00007ffbb14b8000 	C:\WINDOWS\SYSTEM32\windows.storage.dll
0x00007ffbb44b0000 - 0x00007ffbb45a1000 	C:\WINDOWS\System32\SHCORE.dll
0x00007ffbb46a0000 - 0x00007ffbb470a000 	C:\WINDOWS\System32\shlwapi.dll
0x00007ffbb3060000 - 0x00007ffbb308f000 	C:\WINDOWS\SYSTEM32\profapi.dll
0x00007ffba9e60000 - 0x00007ffba9e70000 	D:\Practical\AndroidStudios\jbr\bin\net.dll
0x00007ffba9d30000 - 0x00007ffba9e4e000 	C:\WINDOWS\SYSTEM32\WINHTTP.dll
0x00007ffbb2480000 - 0x00007ffbb24ea000 	C:\WINDOWS\system32\mswsock.dll
0x00007ffba18d0000 - 0x00007ffba18e6000 	D:\Practical\AndroidStudios\jbr\bin\nio.dll
0x00007ffba9c80000 - 0x00007ffba9c90000 	D:\Practical\AndroidStudios\jbr\bin\verify.dll
0x00007ffb80390000 - 0x00007ffb803b7000 	C:\Users\Aryan\.gradle\native\1def1411415f61bf3af743bc5b6707747c0891f09f0c88961ee8f79bc544acac\windows-amd64\native-platform.dll
0x0000000069c20000 - 0x0000000069c93000 	C:\Users\Aryan\.gradle\native\0.2.5\x86_64-windows-gnu\gradle-fileevents.dll
0x00007ffba9b90000 - 0x00007ffba9b99000 	D:\Practical\AndroidStudios\jbr\bin\management.dll
0x00007ffba1b00000 - 0x00007ffba1b0b000 	D:\Practical\AndroidStudios\jbr\bin\management_ext.dll
0x00007ffbb4e10000 - 0x00007ffbb4e18000 	C:\WINDOWS\System32\PSAPI.DLL
0x00007ffbb2730000 - 0x00007ffbb274b000 	C:\WINDOWS\SYSTEM32\CRYPTSP.dll
0x00007ffbb1e70000 - 0x00007ffbb1eaa000 	C:\WINDOWS\system32\rsaenh.dll
0x00007ffbb2520000 - 0x00007ffbb254b000 	C:\WINDOWS\SYSTEM32\USERENV.dll
0x00007ffbb3030000 - 0x00007ffbb3056000 	C:\WINDOWS\SYSTEM32\bcrypt.dll
0x00007ffbb2750000 - 0x00007ffbb275c000 	C:\WINDOWS\SYSTEM32\CRYPTBASE.dll
0x00007ffbb1920000 - 0x00007ffbb1953000 	C:\WINDOWS\SYSTEM32\IPHLPAPI.DLL
0x00007ffbb5270000 - 0x00007ffbb527a000 	C:\WINDOWS\System32\NSI.dll
0x00007ffba1a20000 - 0x00007ffba1a29000 	D:\Practical\AndroidStudios\jbr\bin\extnet.dll
0x00007ffb82460000 - 0x00007ffb82468000 	C:\WINDOWS\system32\wshunix.dll
0x0000000069ba0000 - 0x0000000069c13000 	C:\Users\Aryan\AppData\Local\Temp\native-platform6175468733272192917dir\gradle-fileevents.dll

dbghelp: loaded successfully - version: 4.0.5 - missing functions: none
symbol engine: initialized successfully - sym options: 0x614 - pdb path: .;D:\Practical\AndroidStudios\jbr\bin;C:\WINDOWS\SYSTEM32;C:\WINDOWS\WinSxS\amd64_microsoft.windows.common-controls_6595b64144ccf1df_6.0.26100.4202_none_3e0698d4e335f517;D:\Practical\AndroidStudios\jbr\bin\server;C:\Users\Aryan\.gradle\native\1def1411415f61bf3af743bc5b6707747c0891f09f0c88961ee8f79bc544acac\windows-amd64;C:\Users\Aryan\.gradle\native\0.2.5\x86_64-windows-gnu;C:\Users\Aryan\AppData\Local\Temp\native-platform6175468733272192917dir

VM Arguments:
jvm_args: --add-opens=java.base/java.lang=ALL-UNNAMED --add-opens=java.base/java.lang.invoke=ALL-UNNAMED --add-opens=java.base/java.util=ALL-UNNAMED --add-opens=java.prefs/java.util.prefs=ALL-UNNAMED --add-exports=jdk.compiler/com.sun.tools.javac.api=ALL-UNNAMED --add-exports=jdk.compiler/com.sun.tools.javac.util=ALL-UNNAMED --add-opens=java.base/java.util=ALL-UNNAMED --add-opens=java.prefs/java.util.prefs=ALL-UNNAMED --add-opens=java.base/java.nio.charset=ALL-UNNAMED --add-opens=java.base/java.net=ALL-UNNAMED --add-opens=java.base/java.util.concurrent.atomic=ALL-UNNAMED --add-opens=java.xml/javax.xml.namespace=ALL-UNNAMED -XX:MaxMetaspaceSize=4G -XX:ReservedCodeCacheSize=512m -XX:+HeapDumpOnOutOfMemoryError -Xmx8G -Dfile.encoding=UTF-8 -Duser.country=IN -Duser.language=en -Duser.variant -javaagent:C:\Users\Aryan\.gradle\wrapper\dists\gradle-8.12-all\ejduaidbjup3bmmkhw3rie4zb\gradle-8.12\lib\agents\gradle-instrumentation-agent-8.12.jar 
java_command: org.gradle.launcher.daemon.bootstrap.GradleDaemon 8.12
java_class_path (initial): C:\Users\Aryan\.gradle\wrapper\dists\gradle-8.12-all\ejduaidbjup3bmmkhw3rie4zb\gradle-8.12\lib\gradle-daemon-main-8.12.jar
Launcher Type: SUN_STANDARD

[Global flags]
     intx CICompilerCount                          = 4                                         {product} {ergonomic}
     uint ConcGCThreads                            = 3                                         {product} {ergonomic}
     uint G1ConcRefinementThreads                  = 10                                        {product} {ergonomic}
   size_t G1HeapRegionSize                         = 4194304                                   {product} {ergonomic}
    uintx GCDrainStackTargetSize                   = 64                                        {product} {ergonomic}
     bool HeapDumpOnOutOfMemoryError               = true                                   {manageable} {command line}
   size_t InitialHeapSize                          = 130023424                                 {product} {ergonomic}
   size_t MarkStackSize                            = 4194304                                   {product} {ergonomic}
   size_t MaxHeapSize                              = 8589934592                                {product} {command line}
   size_t MaxMetaspaceSize                         = 4294967296                                {product} {command line}
   size_t MaxNewSize                               = 5150605312                                {product} {ergonomic}
   size_t MinHeapDeltaBytes                        = 4194304                                   {product} {ergonomic}
   size_t MinHeapSize                              = 8388608                                   {product} {ergonomic}
    uintx NonNMethodCodeHeapSize                   = 5839372                                {pd product} {ergonomic}
    uintx NonProfiledCodeHeapSize                  = 265515770                              {pd product} {ergonomic}
    uintx ProfiledCodeHeapSize                     = 265515770                              {pd product} {ergonomic}
    uintx ReservedCodeCacheSize                    = 536870912                              {pd product} {command line}
     bool SegmentedCodeCache                       = true                                      {product} {ergonomic}
   size_t SoftMaxHeapSize                          = 8589934592                             {manageable} {ergonomic}
     bool UseCompressedOops                        = true                           {product lp64_product} {ergonomic}
     bool UseG1GC                                  = true                                      {product} {ergonomic}
     bool UseLargePagesIndividualAllocation        = false                                  {pd product} {ergonomic}

Logging:
Log output configuration:
 #0: stdout all=warning uptime,level,tags foldmultilines=false
 #1: stderr all=off uptime,level,tags foldmultilines=false

Environment Variables:
JAVA_HOME=D:\Practical\AndroidStudios\jbr
CLASSPATH=D:\Practical\flutter-apps\employee_task_manager\android\\gradle\wrapper\gradle-wrapper.jar
PATH=D:\Practical\AndroidStudios\jbr\bin;C:\Users\Aryan\miniconda3\condabin;C:\Users\Aryan\AppData\Local\Programs\Python\Python313\Scripts\;C:\Users\Aryan\AppData\Local\Programs\Python\Python313\;C:\Program Files\Eclipse Adoptium\jdk-17.0.15.6-hotspot\bin;C:\Program Files\Eclipse Adoptium\jdk-17.0.15.6-hotspot\bin;C:\Users\Aryan\AppData\Local\Programs\Python\Python313;C:\Program Files\Java\jdk-23\bin;C:\Program Files\Common Files\Oracle\Java\javapath;C:\Program Files\Java\jre1.8.0_421\bin;C:\Program Files (x86)\Common Files\Oracle\Java\java8path;C:\Program Files (x86)\Common Files\Oracle\Java\javapath;C:\WINDOWS\system32;C:\WINDOWS;C:\WINDOWS\System32\Wbem;C:\WINDOWS\System32\WindowsPowerShell\v1.0\;C:\WINDOWS\System32\OpenSSH\;C:\MinGW\bin;C:\Program Files\MySQL\MySQL Server 8.0\bin;C:\Program Files\Git\cmd;C:\Program Files\nodejs\;C:\ProgramData\chocolatey\bin;C:\Users\Aryan\AppData\Local\Pub\Cache\bin;C:\Program Files\Eclipse Adoptium\jdk-17.0.15.6-hotspot;C:\Users\Aryan\AppData\Local\Android\Sdk;D:\Practical\flutter\bin;C:\dart\dart-sdk\bin;C:\Users\Aryan\miniconda3;C:\Users\Aryan\miniconda3\Scripts;C:\Users\Aryan\miniconda3\Library\bin;C:\Program Files\MySQL\MySQL Shell 8.0\bin\;C:\Users\Aryan\AppData\Local\Microsoft\WindowsApps;C:\Users\Aryan\AppData\Local\Programs\Microsoft VS Code\bin;C:\Users\Aryan\AppData\Local\JetBrains\Toolbox\scripts;C:\Users\Aryan\AppData\Local\Microsoft\WindowsApps;C:\Users\Aryan\AppData\Roaming\npm;D:\Practical\flutter\bin\mingit\cmd
USERNAME=Aryan
OS=Windows_NT
PROCESSOR_IDENTIFIER=Intel64 Family 6 Model 154 Stepping 4, GenuineIntel
TMP=C:\Users\Aryan\AppData\Local\Temp
TEMP=C:\Users\Aryan\AppData\Local\Temp




Periodic native trim disabled

JNI global refs:
JNI global refs: 29, weak refs: 0

JNI global refs memory usage: 835, weak refs: 833

Process memory usage:
Resident Set Size: 429448K (5% of 8052084K total physical memory with 687952K free physical memory)

OOME stack traces (most recent first):
Classloader memory used:
Loader org.gradle.internal.classloader.VisitableURLClassLoader                         : 92917K
Loader bootstrap                                                                       : 23890K
Loader org.gradle.initialization.MixInLegacyTypesClassLoader                           : 7073K
Loader jdk.internal.loader.ClassLoaders$PlatformClassLoader                            : 521K
Loader jdk.internal.jrtfs.JrtFileSystemProvider$JrtFsLoader                            : 330K
Loader jdk.internal.loader.ClassLoaders$AppClassLoader                                 : 231K
Loader org.gradle.internal.classloader.VisitableURLClassLoader                         : 39000B

Classes loaded by more than one classloader:
Class Program                                                                         : loaded 3 times (x 70B)
Class jdk.internal.jimage.BasicImageReader                                            : loaded 2 times (x 91B)
Class org.gradle.internal.classloader.ClassLoaderHierarchy                            : loaded 2 times (x 66B)
Class org.gradle.api.internal.classpath.ManifestUtil                                  : loaded 2 times (x 67B)
Class jdk.internal.jimage.decompressor.StringSharingDecompressorFactory               : loaded 2 times (x 70B)
Class org.gradle.internal.classloader.DefaultClassLoaderFactory                       : loaded 2 times (x 78B)
Class org.gradle.internal.classloader.ClassLoaderVisitor                              : loaded 2 times (x 72B)
Class org.gradle.api.internal.classpath.EffectiveClassPath                            : loaded 2 times (x 86B)
Class org.gradle.api.internal.DefaultClassPathProvider                                : loaded 2 times (x 72B)
Class [Lorg.gradle.api.internal.ClassPathProvider;                                    : loaded 2 times (x 65B)
Class org.gradle.api.internal.ClassPathProvider                                       : loaded 2 times (x 66B)
Class jdk.internal.jrtfs.SystemImage                                                  : loaded 2 times (x 70B)
Class org.gradle.internal.service.UnknownServiceException                             : loaded 2 times (x 79B)
Class org.gradle.internal.classpath.TransformedClassPath                              : loaded 2 times (x 92B)
Class org.gradle.internal.classloader.InstrumentingClassLoader                        : loaded 2 times (x 66B)
Class jdk.internal.jrtfs.SystemImage$1                                                : loaded 2 times (x 74B)
Class jdk.internal.jrtfs.SystemImage$2                                                : loaded 2 times (x 72B)
Class org.gradle.internal.service.ServiceLocator                                      : loaded 2 times (x 66B)
Class jdk.internal.jrtfs.JrtFileSystemProvider                                        : loaded 2 times (x 97B)
Class jdk.internal.jimage.ImageLocation                                               : loaded 2 times (x 86B)
Class jdk.internal.jrtfs.JrtDirectoryStream$1                                         : loaded 2 times (x 79B)
Class org.gradle.internal.InternalTransformer                                         : loaded 2 times (x 66B)
Class jdk.internal.jimage.ImageBufferCache$1                                          : loaded 2 times (x 79B)
Class org.gradle.internal.classloader.ClasspathUtil$1                                 : loaded 2 times (x 72B)
Class jdk.internal.jimage.ImageBufferCache$2                                          : loaded 2 times (x 87B)
Class org.gradle.api.internal.classpath.DefaultModuleRegistry$DefaultModule           : loaded 2 times (x 82B)
Class org.gradle.api.internal.classpath.Module                                        : loaded 2 times (x 66B)
Class org.gradle.api.internal.classpath.UnknownModuleException                        : loaded 2 times (x 78B)
Class jdk.internal.jimage.ImageHeader                                                 : loaded 2 times (x 67B)
Class org.gradle.api.internal.DefaultClassPathRegistry                                : loaded 2 times (x 72B)
Class org.gradle.api.internal.ClassPathRegistry                                       : loaded 2 times (x 66B)
Class org.gradle.internal.classpath.DefaultClassPath$ImmutableUniqueList              : loaded 2 times (x 195B)
Class jdk.internal.jimage.decompressor.ResourceDecompressor                           : loaded 2 times (x 66B)
Class org.gradle.internal.classloader.FilteringClassLoader                            : loaded 2 times (x 101B)
Class Settings_gradle$1                                                               : loaded 2 times (x 70B)
Class org.gradle.internal.classpath.ClassPath                                         : loaded 2 times (x 66B)
Class org.gradle.api.UncheckedIOException                                             : loaded 2 times (x 78B)
Class jdk.internal.jimage.ImageStringsReader                                          : loaded 2 times (x 76B)
Class jdk.internal.jimage.ImageReader                                                 : loaded 2 times (x 71B)
Class jdk.internal.jimage.ImageReader$SharedImageReader                               : loaded 2 times (x 91B)
Class org.gradle.internal.installation.GradleInstallation$1                           : loaded 2 times (x 71B)
Class org.gradle.api.internal.classpath.ModuleRegistry                                : loaded 2 times (x 66B)
Class jdk.internal.jimage.decompressor.ResourceDecompressorFactory                    : loaded 2 times (x 70B)
Class jdk.internal.jimage.ImageReader$Node                                            : loaded 2 times (x 80B)
Class org.gradle.api.internal.classpath.DefaultModuleRegistry                         : loaded 2 times (x 82B)
Class jdk.internal.jimage.BasicImageReader$1                                          : loaded 2 times (x 73B)
Class jdk.internal.jimage.decompressor.Decompressor                                   : loaded 2 times (x 68B)
Class jdk.internal.jimage.ImageReader$Resource                                        : loaded 2 times (x 80B)
Class org.gradle.internal.service.ServiceLookupException                              : loaded 2 times (x 78B)
Class jdk.internal.jrtfs.JrtFileAttributes                                            : loaded 2 times (x 79B)
Class org.gradle.internal.classloader.ClassLoaderFactory                              : loaded 2 times (x 66B)
Class org.gradle.internal.service.CachingServiceLocator                               : loaded 2 times (x 78B)
Class jdk.internal.jimage.ImageBufferCache                                            : loaded 2 times (x 67B)
Class jdk.internal.jrtfs.JrtPath                                                      : loaded 2 times (x 114B)
Class org.gradle.internal.classloader.ClasspathUtil                                   : loaded 2 times (x 67B)
Class org.gradle.api.specs.Spec                                                       : loaded 2 times (x 66B)
Class jdk.internal.jimage.ImageReader$SharedImageReader$LocationVisitor               : loaded 2 times (x 66B)
Class jdk.internal.jimage.decompressor.ResourceDecompressorRepository                 : loaded 2 times (x 67B)
Class jdk.internal.jimage.ImageReader$Directory                                       : loaded 2 times (x 80B)
Class org.gradle.internal.classloader.VisitableURLClassLoader$InstrumentingVisitableURLClassLoader: loaded 2 times (x 119B)
Class org.gradle.internal.classloader.VisitableURLClassLoader$Spec                    : loaded 2 times (x 70B)
Class org.gradle.internal.classpath.DefaultClassPath                                  : loaded 2 times (x 86B)
Class jdk.internal.jimage.decompressor.ZipDecompressorFactory                         : loaded 2 times (x 70B)
Class org.gradle.internal.classloader.ClassLoaderSpec                                 : loaded 2 times (x 67B)
Class Settings_gradle$1$1                                                             : loaded 2 times (x 70B)
Class org.gradle.internal.classloader.VisitableURLClassLoader                         : loaded 2 times (x 113B)
Class Settings_gradle                                                                 : loaded 2 times (x 124B)
Class org.gradle.internal.Cast                                                        : loaded 2 times (x 67B)
Class org.gradle.api.Action                                                           : loaded 2 times (x 66B)
Class jdk.internal.jimage.decompressor.ZipDecompressor                                : loaded 2 times (x 71B)
Class org.gradle.internal.classpath.DefaultClassPath$ImmutableUniqueList$Builder      : loaded 2 times (x 71B)
Class org.gradle.api.GradleException                                                  : loaded 2 times (x 78B)
Class jdk.internal.jimage.ImageStrings                                                : loaded 2 times (x 66B)
Class org.gradle.internal.IoActions                                                   : loaded 2 times (x 67B)
Class org.gradle.internal.classloader.SystemClassLoaderSpec                           : loaded 2 times (x 67B)
Class jdk.internal.jrtfs.JrtFileSystem                                                : loaded 2 times (x 98B)
Class jdk.internal.jimage.decompressor.CompressedResourceHeader                       : loaded 2 times (x 67B)
Class org.gradle.api.internal.classpath.GlobalCacheRootsProvider                      : loaded 2 times (x 66B)
Class org.gradle.internal.installation.CurrentGradleInstallationLocator               : loaded 2 times (x 67B)
Class org.gradle.internal.service.DefaultServiceLocator                               : loaded 2 times (x 79B)
Class jdk.internal.jrtfs.JrtDirectoryStream                                           : loaded 2 times (x 85B)
Class org.gradle.internal.installation.CurrentGradleInstallation                      : loaded 2 times (x 69B)
Class org.gradle.util.internal.GUtil                                                  : loaded 2 times (x 67B)
Class org.gradle.internal.installation.GradleInstallation                             : loaded 2 times (x 71B)
Class jdk.internal.jimage.decompressor.ResourceDecompressor$StringsProvider           : loaded 2 times (x 66B)

---------------  S Y S T E M  ---------------

OS:
 Windows 11 , 64 bit Build 26100 (10.0.26100.4202)
OS uptime: 1 days 20:27 hours
Hyper-V role detected

CPU: total 12 (initial active 12) (6 cores per cpu, 2 threads per core) family 6 model 154 stepping 4 microcode 0x432, cx8, cmov, fxsr, ht, mmx, 3dnowpref, sse, sse2, sse3, ssse3, sse4.1, sse4.2, popcnt, lzcnt, tsc, tscinvbit, avx, avx2, aes, erms, clmul, bmi1, bmi2, adx, sha, fma, vzeroupper, clflush, clflushopt, clwb, hv, serialize, rdtscp, rdpid, fsrm, f16c, cet_ibt, cet_ss
Processor Information for processor 0
  Max Mhz: 1300, Current Mhz: 1300, Mhz Limit: 1300
Processor Information for processor 1
  Max Mhz: 1300, Current Mhz: 1300, Mhz Limit: 1300
Processor Information for processor 2
  Max Mhz: 1300, Current Mhz: 1300, Mhz Limit: 1300
Processor Information for processor 3
  Max Mhz: 1300, Current Mhz: 1300, Mhz Limit: 1300
Processor Information for processor 4
  Max Mhz: 1300, Current Mhz: 900, Mhz Limit: 897
Processor Information for processor 5
  Max Mhz: 1300, Current Mhz: 900, Mhz Limit: 897
Processor Information for processor 6
  Max Mhz: 1300, Current Mhz: 900, Mhz Limit: 897
Processor Information for processor 7
  Max Mhz: 1300, Current Mhz: 900, Mhz Limit: 897
Processor Information for processor 8
  Max Mhz: 1300, Current Mhz: 900, Mhz Limit: 897
Processor Information for processor 9
  Max Mhz: 1300, Current Mhz: 900, Mhz Limit: 897
Processor Information for processor 10
  Max Mhz: 1300, Current Mhz: 900, Mhz Limit: 897
Processor Information for processor 11
  Max Mhz: 1300, Current Mhz: 900, Mhz Limit: 897

Memory: 4k page, system-wide physical 7863M (671M free)
TotalPageFile size 11959M (AvailPageFile size 92M)
current process WorkingSet (physical memory assigned to process): 419M, peak: 425M
current process commit charge ("private bytes"): 456M, peak: 486M

vm_info: OpenJDK 64-Bit Server VM (21.0.6+-13368085-b895.109) for windows-amd64 JRE (21.0.6+-13368085-b895.109), built on 2025-04-16T17:01:31Z by "builder" with MS VC++ 16.10 / 16.11 (VS2019)

END.
